<?xml version="1.0" encoding="UTF-8"?>
<testsuite xmlns:xsi="http://www.w3.org/2001/XMLSchema-instance" xsi:noNamespaceSchemaLocation="https://maven.apache.org/surefire/maven-surefire-plugin/xsd/surefire-test-report.xsd" name="pl.jaceksysiak.tests.BulkTests" time="20.814" tests="2" errors="0" skipped="0" failures="0">
  <properties>
[...]
</properties>
  <testcase name="createSpecificUsers" classname="pl.jaceksysiak.tests.BulkTests" time="0.017"/>
  <testcase name="createTestUsers" classname="pl.jaceksysiak.tests.BulkTests" time="1.693"/>
</testsuite>